<?xml version="1.0" encoding="UTF-8"?>
<!-- Generated by org.testng.reporters.JUnitReportReporter -->
<testsuite hostname="INDIA-HARINIG" name="com.cucumber.runner.Runner" tests="1" failures="0" timestamp="4 Apr 2017 11:13:35 GMT" time="57.807" errors="0">
  <testcase name="run_cukes" time="57.807" classname="com.cucumber.runner.Runner"/>
</testsuite> <!-- com.cucumber.runner.Runner -->
